<?xml version="1.0" encoding="UTF-8"?>
<coverage generated="1612801292388" clover="3.2.0">
  <project timestamp="1612801292389" name="All files">
    <metrics statements="57" coveredstatements="44" conditionals="19" coveredconditionals="8" methods="17" coveredmethods="11" elements="93" coveredelements="63" complexity="0" loc="57" ncloc="57" packages="10" files="10" classes="10"/>
    <package name="assets.locales">
      <metrics statements="0" coveredstatements="0" conditionals="0" coveredconditionals="0" methods="0" coveredmethods="0"/>
      <file name="en.js" path="/home/majid/workspace/tests/StartWarHammer/assets/locales/en.js">
        <metrics statements="0" coveredstatements="0" conditionals="0" coveredconditionals="0" methods="0" coveredmethods="0"/>
      </file>
    </package>
    <package name="src.components">
      <metrics statements="0" coveredstatements="0" conditionals="0" coveredconditionals="0" methods="0" coveredmethods="0"/>
      <file name="index.ts" path="/home/majid/workspace/tests/StartWarHammer/src/components/index.ts">
        <metrics statements="0" coveredstatements="0" conditionals="0" coveredconditionals="0" methods="0" coveredmethods="0"/>
      </file>
    </package>
    <package name="src.components.Container">
      <metrics statements="3" coveredstatements="3" conditionals="0" coveredconditionals="0" methods="1" coveredmethods="1"/>
      <file name="index.tsx" path="/home/majid/workspace/tests/StartWarHammer/src/components/Container/index.tsx">
        <metrics statements="3" coveredstatements="3" conditionals="0" coveredconditionals="0" methods="1" coveredmethods="1"/>
        <line num="8" count="1" type="stmt"/>
        <line num="9" count="6" type="stmt"/>
        <line num="16" count="1" type="stmt"/>
      </file>
    </package>
    <package name="src.components.Item">
      <metrics statements="8" coveredstatements="5" conditionals="6" coveredconditionals="2" methods="2" coveredmethods="1"/>
      <file name="index.tsx" path="/home/majid/workspace/tests/StartWarHammer/src/components/Item/index.tsx">
        <metrics statements="8" coveredstatements="5" conditionals="6" coveredconditionals="2" methods="2" coveredmethods="1"/>
        <line num="12" count="1" type="stmt"/>
        <line num="18" count="4" type="stmt"/>
        <line num="19" count="4" type="stmt"/>
        <line num="20" count="0" type="cond" truecount="0" falsecount="2"/>
        <line num="21" count="0" type="stmt"/>
        <line num="23" count="0" type="stmt"/>
        <line num="26" count="4" type="stmt"/>
        <line num="41" count="1" type="stmt"/>
      </file>
    </package>
    <package name="src.components.PersonItem">
      <metrics statements="3" coveredstatements="2" conditionals="0" coveredconditionals="0" methods="1" coveredmethods="0"/>
      <file name="index.tsx" path="/home/majid/workspace/tests/StartWarHammer/src/components/PersonItem/index.tsx">
        <metrics statements="3" coveredstatements="2" conditionals="0" coveredconditionals="0" methods="1" coveredmethods="0"/>
        <line num="9" count="1" type="stmt"/>
        <line num="10" count="0" type="stmt"/>
        <line num="18" count="1" type="stmt"/>
      </file>
    </package>
    <package name="src.components.PlanetItem">
      <metrics statements="3" coveredstatements="2" conditionals="0" coveredconditionals="0" methods="1" coveredmethods="0"/>
      <file name="index.tsx" path="/home/majid/workspace/tests/StartWarHammer/src/components/PlanetItem/index.tsx">
        <metrics statements="3" coveredstatements="2" conditionals="0" coveredconditionals="0" methods="1" coveredmethods="0"/>
        <line num="9" count="1" type="stmt"/>
        <line num="10" count="0" type="stmt"/>
        <line num="18" count="1" type="stmt"/>
      </file>
    </package>
    <package name="src.components.StarshipItem">
      <metrics statements="3" coveredstatements="2" conditionals="0" coveredconditionals="0" methods="1" coveredmethods="0"/>
      <file name="index.tsx" path="/home/majid/workspace/tests/StartWarHammer/src/components/StarshipItem/index.tsx">
        <metrics statements="3" coveredstatements="2" conditionals="0" coveredconditionals="0" methods="1" coveredmethods="0"/>
        <line num="9" count="1" type="stmt"/>
        <line num="10" count="0" type="stmt"/>
        <line num="18" count="1" type="stmt"/>
      </file>
    </package>
    <package name="src.hooks">
      <metrics statements="13" coveredstatements="7" conditionals="5" coveredconditionals="0" methods="2" coveredmethods="1"/>
      <file name="index.tsx" path="/home/majid/workspace/tests/StartWarHammer/src/hooks/index.tsx">
        <metrics statements="13" coveredstatements="7" conditionals="5" coveredconditionals="0" methods="2" coveredmethods="1"/>
        <line num="3" count="1" type="stmt"/>
        <line num="20" count="1" type="stmt"/>
        <line num="35" count="1" type="stmt"/>
        <line num="54" count="1" type="stmt"/>
        <line num="65" count="1" type="cond" truecount="0" falsecount="1"/>
        <line num="66" count="6" type="stmt"/>
        <line num="71" count="1" type="stmt"/>
        <line num="76" count="0" type="cond" truecount="0" falsecount="2"/>
        <line num="77" count="0" type="stmt"/>
        <line num="78" count="0" type="cond" truecount="0" falsecount="2"/>
        <line num="79" count="0" type="stmt"/>
        <line num="81" count="0" type="stmt"/>
        <line num="84" count="0" type="stmt"/>
      </file>
    </package>
    <package name="src.screens.List">
      <metrics statements="18" coveredstatements="17" conditionals="6" coveredconditionals="5" methods="9" coveredmethods="8"/>
      <file name="index.tsx" path="/home/majid/workspace/tests/StartWarHammer/src/screens/List/index.tsx">
        <metrics statements="18" coveredstatements="17" conditionals="6" coveredconditionals="5" methods="9" coveredmethods="8"/>
        <line num="16" count="1" type="stmt"/>
        <line num="17" count="6" type="stmt"/>
        <line num="28" count="6" type="stmt"/>
        <line num="29" count="6" type="stmt"/>
        <line num="31" count="6" type="stmt"/>
        <line num="32" count="2" type="stmt"/>
        <line num="39" count="6" type="stmt"/>
        <line num="40" count="2" type="stmt"/>
        <line num="41" count="2" type="stmt"/>
        <line num="44" count="6" type="stmt"/>
        <line num="45" count="4" type="stmt"/>
        <line num="46" count="12" type="stmt"/>
        <line num="53" count="6" type="stmt"/>
        <line num="58" count="0" type="stmt"/>
        <line num="66" count="4" type="stmt"/>
        <line num="67" count="8" type="stmt"/>
        <line num="69" count="12" type="stmt"/>
        <line num="79" count="1" type="stmt"/>
      </file>
    </package>
    <package name="src.services">
      <metrics statements="6" coveredstatements="6" conditionals="2" coveredconditionals="1" methods="0" coveredmethods="0"/>
      <file name="translate.tsx" path="/home/majid/workspace/tests/StartWarHammer/src/services/translate.tsx">
        <metrics statements="6" coveredstatements="6" conditionals="2" coveredconditionals="1" methods="0" coveredmethods="0"/>
        <line num="5" count="1" type="stmt"/>
        <line num="7" count="1" type="cond" truecount="1" falsecount="1"/>
        <line num="8" count="1" type="stmt"/>
        <line num="11" count="1" type="stmt"/>
        <line num="12" count="1" type="stmt"/>
        <line num="13" count="1" type="stmt"/>
      </file>
    </package>
  </project>
</coverage>
