{"/home/majid/workspace/tests/StartWarHammer/assets/locales/en.js": {"path":"/home/majid/workspace/tests/StartWarHammer/assets/locales/en.js","statementMap":{},"fnMap":{},"branchMap":{},"s":{},"f":{},"b":{},"_coverageSchema":"1a1c01bbd47fc00a2c39e90264f33305004495a9","hash":"45377d2fb914c4438680b28e0257addf88a079d9"}
,"/home/majid/workspace/tests/StartWarHammer/src/App.tsx": {"path":"/home/majid/workspace/tests/StartWarHammer/src/App.tsx","statementMap":{"0":{"start":{"line":8,"column":12},"end":{"line":16,"column":1}},"1":{"start":{"line":9,"column":2},"end":{"line":15,"column":4}}},"fnMap":{"0":{"name":"(anonymous_0)","decl":{"start":{"line":8,"column":12},"end":{"line":8,"column":13}},"loc":{"start":{"line":8,"column":18},"end":{"line":16,"column":1}},"line":8}},"branchMap":{},"s":{"0":1,"1":1},"f":{"0":1},"b":{},"_coverageSchema":"1a1c01bbd47fc00a2c39e90264f33305004495a9","hash":"7206f4b2684db4cf458c719c3fb2fdde32e7011d"}
,"/home/majid/workspace/tests/StartWarHammer/src/components/index.ts": {"path":"/home/majid/workspace/tests/StartWarHammer/src/components/index.ts","statementMap":{},"fnMap":{},"branchMap":{},"s":{},"f":{},"b":{},"_coverageSchema":"1a1c01bbd47fc00a2c39e90264f33305004495a9","hash":"1b53a2e30f676d9f1218860469c7a3bf23826c21"}
,"/home/majid/workspace/tests/StartWarHammer/src/components/Container/index.tsx": {"path":"/home/majid/workspace/tests/StartWarHammer/src/components/Container/index.tsx","statementMap":{"0":{"start":{"line":8,"column":42},"end":{"line":14,"column":1}},"1":{"start":{"line":9,"column":2},"end":{"line":13,"column":4}},"2":{"start":{"line":16,"column":15},"end":{"line":21,"column":2}}},"fnMap":{"0":{"name":"(anonymous_0)","decl":{"start":{"line":8,"column":42},"end":{"line":8,"column":43}},"loc":{"start":{"line":8,"column":79},"end":{"line":14,"column":1}},"line":8}},"branchMap":{},"s":{"0":9,"1":21,"2":9},"f":{"0":21},"b":{},"_coverageSchema":"1a1c01bbd47fc00a2c39e90264f33305004495a9","hash":"e5b26db669daba0c58a85f91b6154a4d3e2e6dd3"}
,"/home/majid/workspace/tests/StartWarHammer/src/components/Item/index.tsx": {"path":"/home/majid/workspace/tests/StartWarHammer/src/components/Item/index.tsx","statementMap":{"0":{"start":{"line":12,"column":37},"end":{"line":45,"column":1}},"1":{"start":{"line":18,"column":21},"end":{"line":18,"column":36}},"2":{"start":{"line":19,"column":19},"end":{"line":25,"column":3}},"3":{"start":{"line":20,"column":4},"end":{"line":24,"column":5}},"4":{"start":{"line":21,"column":6},"end":{"line":21,"column":26}},"5":{"start":{"line":23,"column":6},"end":{"line":23,"column":44}},"6":{"start":{"line":26,"column":2},"end":{"line":44,"column":4}},"7":{"start":{"line":47,"column":15},"end":{"line":73,"column":2}}},"fnMap":{"0":{"name":"(anonymous_0)","decl":{"start":{"line":12,"column":37},"end":{"line":12,"column":38}},"loc":{"start":{"line":17,"column":11},"end":{"line":45,"column":1}},"line":17},"1":{"name":"(anonymous_1)","decl":{"start":{"line":19,"column":19},"end":{"line":19,"column":20}},"loc":{"start":{"line":19,"column":25},"end":{"line":25,"column":3}},"line":19}},"branchMap":{"0":{"loc":{"start":{"line":20,"column":4},"end":{"line":24,"column":5}},"type":"if","locations":[{"start":{"line":20,"column":4},"end":{"line":24,"column":5}},{"start":{"line":20,"column":4},"end":{"line":24,"column":5}}],"line":20},"1":{"loc":{"start":{"line":39,"column":48},"end":{"line":39,"column":73}},"type":"cond-expr","locations":[{"start":{"line":39,"column":59},"end":{"line":39,"column":65}},{"start":{"line":39,"column":68},"end":{"line":39,"column":73}}],"line":39},"2":{"loc":{"start":{"line":40,"column":23},"end":{"line":40,"column":61}},"type":"cond-expr","locations":[{"start":{"line":40,"column":34},"end":{"line":40,"column":46}},{"start":{"line":40,"column":49},"end":{"line":40,"column":61}}],"line":40}},"s":{"0":9,"1":20,"2":20,"3":2,"4":1,"5":1,"6":20,"7":9},"f":{"0":20,"1":2},"b":{"0":[1,1],"1":[13,7],"2":[13,7]},"_coverageSchema":"1a1c01bbd47fc00a2c39e90264f33305004495a9","hash":"2b7d601fcf25e482c0c2d3eb3b4c63393d9259f2"}
,"/home/majid/workspace/tests/StartWarHammer/src/components/KeyValue/index.tsx": {"path":"/home/majid/workspace/tests/StartWarHammer/src/components/KeyValue/index.tsx","statementMap":{"0":{"start":{"line":9,"column":41},"end":{"line":16,"column":1}},"1":{"start":{"line":10,"column":2},"end":{"line":15,"column":4}},"2":{"start":{"line":18,"column":15},"end":{"line":36,"column":2}}},"fnMap":{"0":{"name":"(anonymous_0)","decl":{"start":{"line":9,"column":41},"end":{"line":9,"column":42}},"loc":{"start":{"line":9,"column":66},"end":{"line":16,"column":1}},"line":9}},"branchMap":{},"s":{"0":9,"1":38,"2":9},"f":{"0":38},"b":{},"_coverageSchema":"1a1c01bbd47fc00a2c39e90264f33305004495a9","hash":"b8760e293ff53976f48de5e944b79ffbc314b3d1"}
,"/home/majid/workspace/tests/StartWarHammer/src/components/PersonItem/index.tsx": {"path":"/home/majid/workspace/tests/StartWarHammer/src/components/PersonItem/index.tsx","statementMap":{"0":{"start":{"line":11,"column":43},"end":{"line":30,"column":1}},"1":{"start":{"line":12,"column":2},"end":{"line":29,"column":4}},"2":{"start":{"line":26,"column":48},"end":{"line":26,"column":58}},"3":{"start":{"line":32,"column":15},"end":{"line":37,"column":2}}},"fnMap":{"0":{"name":"(anonymous_0)","decl":{"start":{"line":11,"column":43},"end":{"line":11,"column":44}},"loc":{"start":{"line":11,"column":62},"end":{"line":30,"column":1}},"line":11},"1":{"name":"(anonymous_1)","decl":{"start":{"line":26,"column":32},"end":{"line":26,"column":33}},"loc":{"start":{"line":26,"column":48},"end":{"line":26,"column":58}},"line":26}},"branchMap":{"0":{"loc":{"start":{"line":14,"column":7},"end":{"line":16,"column":7}},"type":"binary-expr","locations":[{"start":{"line":14,"column":7},"end":{"line":14,"column":20}},{"start":{"line":15,"column":8},"end":{"line":15,"column":71}}],"line":14},"1":{"loc":{"start":{"line":17,"column":7},"end":{"line":19,"column":7}},"type":"binary-expr","locations":[{"start":{"line":17,"column":7},"end":{"line":17,"column":18}},{"start":{"line":18,"column":8},"end":{"line":18,"column":67}}],"line":17}},"s":{"0":8,"1":4,"2":8,"3":8},"f":{"0":4,"1":8},"b":{"0":[4,4],"1":[4,4]},"_coverageSchema":"1a1c01bbd47fc00a2c39e90264f33305004495a9","hash":"46dbf31b4aa366ac2b76ad16185dda3ee5a7db20"}
,"/home/majid/workspace/tests/StartWarHammer/src/components/PlanetItem/index.tsx": {"path":"/home/majid/workspace/tests/StartWarHammer/src/components/PlanetItem/index.tsx","statementMap":{"0":{"start":{"line":11,"column":43},"end":{"line":18,"column":1}},"1":{"start":{"line":12,"column":2},"end":{"line":17,"column":4}}},"fnMap":{"0":{"name":"(anonymous_0)","decl":{"start":{"line":11,"column":43},"end":{"line":11,"column":44}},"loc":{"start":{"line":11,"column":62},"end":{"line":18,"column":1}},"line":11}},"branchMap":{},"s":{"0":8,"1":4},"f":{"0":4},"b":{},"_coverageSchema":"1a1c01bbd47fc00a2c39e90264f33305004495a9","hash":"a9df16054aba3f66869284dae922ac633bfa5b51"}
,"/home/majid/workspace/tests/StartWarHammer/src/components/StarshipItem/index.tsx": {"path":"/home/majid/workspace/tests/StartWarHammer/src/components/StarshipItem/index.tsx","statementMap":{"0":{"start":{"line":11,"column":45},"end":{"line":26,"column":1}},"1":{"start":{"line":12,"column":2},"end":{"line":25,"column":4}},"2":{"start":{"line":22,"column":50},"end":{"line":22,"column":60}}},"fnMap":{"0":{"name":"(anonymous_0)","decl":{"start":{"line":11,"column":45},"end":{"line":11,"column":46}},"loc":{"start":{"line":11,"column":66},"end":{"line":26,"column":1}},"line":11},"1":{"name":"(anonymous_1)","decl":{"start":{"line":22,"column":34},"end":{"line":22,"column":35}},"loc":{"start":{"line":22,"column":50},"end":{"line":22,"column":60}},"line":22}},"branchMap":{"0":{"loc":{"start":{"line":14,"column":7},"end":{"line":16,"column":7}},"type":"binary-expr","locations":[{"start":{"line":14,"column":7},"end":{"line":14,"column":20}},{"start":{"line":15,"column":8},"end":{"line":15,"column":71}}],"line":14},"1":{"loc":{"start":{"line":17,"column":7},"end":{"line":19,"column":7}},"type":"binary-expr","locations":[{"start":{"line":17,"column":7},"end":{"line":17,"column":22}},{"start":{"line":18,"column":8},"end":{"line":18,"column":75}}],"line":17}},"s":{"0":8,"1":4,"2":4},"f":{"0":4,"1":4},"b":{"0":[4,4],"1":[4,4]},"_coverageSchema":"1a1c01bbd47fc00a2c39e90264f33305004495a9","hash":"4048de9f9071eb531a74b3f5a4c281356b1d06a9"}
,"/home/majid/workspace/tests/StartWarHammer/src/hooks/index.tsx": {"path":"/home/majid/workspace/tests/StartWarHammer/src/hooks/index.tsx","statementMap":{"0":{"start":{"line":3,"column":24},"end":{"line":18,"column":1}},"1":{"start":{"line":20,"column":35},"end":{"line":33,"column":1}},"2":{"start":{"line":35,"column":33},"end":{"line":52,"column":1}},"3":{"start":{"line":54,"column":33},"end":{"line":63,"column":1}},"4":{"start":{"line":65,"column":26},"end":{"line":69,"column":1}},"5":{"start":{"line":66,"column":2},"end":{"line":68,"column":5}},"6":{"start":{"line":71,"column":28},"end":{"line":87,"column":1}},"7":{"start":{"line":76,"column":2},"end":{"line":82,"column":3}},"8":{"start":{"line":77,"column":4},"end":{"line":77,"column":32}},"9":{"start":{"line":78,"column":9},"end":{"line":82,"column":3}},"10":{"start":{"line":79,"column":4},"end":{"line":79,"column":30}},"11":{"start":{"line":81,"column":4},"end":{"line":81,"column":30}},"12":{"start":{"line":84,"column":2},"end":{"line":86,"column":5}}},"fnMap":{"0":{"name":"(anonymous_0)","decl":{"start":{"line":65,"column":26},"end":{"line":65,"column":27}},"loc":{"start":{"line":65,"column":69},"end":{"line":69,"column":1}},"line":65},"1":{"name":"(anonymous_1)","decl":{"start":{"line":71,"column":28},"end":{"line":71,"column":29}},"loc":{"start":{"line":74,"column":22},"end":{"line":87,"column":1}},"line":74}},"branchMap":{"0":{"loc":{"start":{"line":65,"column":27},"end":{"line":65,"column":59}},"type":"default-arg","locations":[{"start":{"line":65,"column":47},"end":{"line":65,"column":59}}],"line":65},"1":{"loc":{"start":{"line":76,"column":2},"end":{"line":82,"column":3}},"type":"if","locations":[{"start":{"line":76,"column":2},"end":{"line":82,"column":3}},{"start":{"line":76,"column":2},"end":{"line":82,"column":3}}],"line":76},"2":{"loc":{"start":{"line":78,"column":9},"end":{"line":82,"column":3}},"type":"if","locations":[{"start":{"line":78,"column":9},"end":{"line":82,"column":3}},{"start":{"line":78,"column":9},"end":{"line":82,"column":3}}],"line":78}},"s":{"0":5,"1":5,"2":5,"3":5,"4":5,"5":7,"6":5,"7":12,"8":4,"9":8,"10":4,"11":4,"12":12},"f":{"0":7,"1":12},"b":{"0":[0],"1":[4,8],"2":[4,4]},"_coverageSchema":"1a1c01bbd47fc00a2c39e90264f33305004495a9","hash":"7db11f0c1e45dfc788514d3d678ea38576d36085"}
,"/home/majid/workspace/tests/StartWarHammer/src/navigation/index.tsx": {"path":"/home/majid/workspace/tests/StartWarHammer/src/navigation/index.tsx","statementMap":{"0":{"start":{"line":12,"column":14},"end":{"line":12,"column":56}},"1":{"start":{"line":15,"column":2},"end":{"line":28,"column":4}}},"fnMap":{"0":{"name":"MainNavigation","decl":{"start":{"line":14,"column":9},"end":{"line":14,"column":23}},"loc":{"start":{"line":14,"column":26},"end":{"line":29,"column":1}},"line":14}},"branchMap":{},"s":{"0":1,"1":1},"f":{"0":1},"b":{},"_coverageSchema":"1a1c01bbd47fc00a2c39e90264f33305004495a9","hash":"2ca33ff1100de9bed18b8f810dab7e2eb7421633"}
,"/home/majid/workspace/tests/StartWarHammer/src/screens/Detail/index.tsx": {"path":"/home/majid/workspace/tests/StartWarHammer/src/screens/Detail/index.tsx","statementMap":{"0":{"start":{"line":20,"column":32},"end":{"line":53,"column":1}},"1":{"start":{"line":21,"column":39},"end":{"line":21,"column":49}},"2":{"start":{"line":22,"column":33},"end":{"line":22,"column":45}},"3":{"start":{"line":25,"column":38},"end":{"line":28,"column":3}},"4":{"start":{"line":31,"column":23},"end":{"line":41,"column":3}},"5":{"start":{"line":32,"column":4},"end":{"line":32,"column":41}},"6":{"start":{"line":33,"column":4},"end":{"line":39,"column":5}},"7":{"start":{"line":34,"column":6},"end":{"line":34,"column":49}},"8":{"start":{"line":35,"column":11},"end":{"line":39,"column":5}},"9":{"start":{"line":36,"column":6},"end":{"line":36,"column":49}},"10":{"start":{"line":37,"column":11},"end":{"line":39,"column":5}},"11":{"start":{"line":38,"column":6},"end":{"line":38,"column":55}},"12":{"start":{"line":40,"column":4},"end":{"line":40,"column":16}},"13":{"start":{"line":42,"column":2},"end":{"line":52,"column":4}}},"fnMap":{"0":{"name":"(anonymous_0)","decl":{"start":{"line":20,"column":32},"end":{"line":20,"column":33}},"loc":{"start":{"line":20,"column":45},"end":{"line":53,"column":1}},"line":20},"1":{"name":"(anonymous_1)","decl":{"start":{"line":31,"column":23},"end":{"line":31,"column":24}},"loc":{"start":{"line":31,"column":29},"end":{"line":41,"column":3}},"line":31}},"branchMap":{"0":{"loc":{"start":{"line":33,"column":4},"end":{"line":39,"column":5}},"type":"if","locations":[{"start":{"line":33,"column":4},"end":{"line":39,"column":5}},{"start":{"line":33,"column":4},"end":{"line":39,"column":5}}],"line":33},"1":{"loc":{"start":{"line":35,"column":11},"end":{"line":39,"column":5}},"type":"if","locations":[{"start":{"line":35,"column":11},"end":{"line":39,"column":5}},{"start":{"line":35,"column":11},"end":{"line":39,"column":5}}],"line":35},"2":{"loc":{"start":{"line":37,"column":11},"end":{"line":39,"column":5}},"type":"if","locations":[{"start":{"line":37,"column":11},"end":{"line":39,"column":5}},{"start":{"line":37,"column":11},"end":{"line":39,"column":5}}],"line":37},"3":{"loc":{"start":{"line":46,"column":11},"end":{"line":46,"column":70}},"type":"binary-expr","locations":[{"start":{"line":46,"column":11},"end":{"line":46,"column":18}},{"start":{"line":46,"column":22},"end":{"line":46,"column":70}}],"line":46},"4":{"loc":{"start":{"line":47,"column":11},"end":{"line":47,"column":70}},"type":"binary-expr","locations":[{"start":{"line":47,"column":11},"end":{"line":47,"column":15}},{"start":{"line":47,"column":19},"end":{"line":47,"column":70}}],"line":47},"5":{"loc":{"start":{"line":48,"column":11},"end":{"line":48,"column":73}},"type":"binary-expr","locations":[{"start":{"line":48,"column":11},"end":{"line":48,"column":16}},{"start":{"line":48,"column":20},"end":{"line":48,"column":73}}],"line":48}},"s":{"0":4,"1":12,"2":12,"3":12,"4":12,"5":6,"6":6,"7":2,"8":4,"9":2,"10":2,"11":2,"12":0,"13":12},"f":{"0":12,"1":6},"b":{"0":[2,4],"1":[2,2],"2":[2,0],"3":[12,6],"4":[12,6],"5":[12,0]},"_coverageSchema":"1a1c01bbd47fc00a2c39e90264f33305004495a9","hash":"3f5ddf0d0b708684261de5c88b97b92771b8b3e4"}
,"/home/majid/workspace/tests/StartWarHammer/src/screens/List/index.tsx": {"path":"/home/majid/workspace/tests/StartWarHammer/src/screens/List/index.tsx","statementMap":{"0":{"start":{"line":16,"column":30},"end":{"line":75,"column":1}},"1":{"start":{"line":17,"column":30},"end":{"line":17,"column":48}},"2":{"start":{"line":28,"column":6},"end":{"line":28,"column":26}},"3":{"start":{"line":30,"column":24},"end":{"line":36,"column":3}},"4":{"start":{"line":31,"column":4},"end":{"line":35,"column":6}},"5":{"start":{"line":38,"column":2},"end":{"line":40,"column":24}},"6":{"start":{"line":39,"column":4},"end":{"line":39,"column":22}},"7":{"start":{"line":42,"column":22},"end":{"line":49,"column":3}},"8":{"start":{"line":43,"column":4},"end":{"line":48,"column":7}},"9":{"start":{"line":44,"column":6},"end":{"line":47,"column":8}},"10":{"start":{"line":51,"column":2},"end":{"line":74,"column":4}},"11":{"start":{"line":56,"column":32},"end":{"line":56,"column":47}},"12":{"start":{"line":64,"column":50},"end":{"line":64,"column":70}},"13":{"start":{"line":65,"column":41},"end":{"line":65,"column":51}},"14":{"start":{"line":67,"column":12},"end":{"line":67,"column":54}},"15":{"start":{"line":77,"column":15},"end":{"line":98,"column":2}}},"fnMap":{"0":{"name":"(anonymous_0)","decl":{"start":{"line":16,"column":30},"end":{"line":16,"column":31}},"loc":{"start":{"line":16,"column":43},"end":{"line":75,"column":1}},"line":16},"1":{"name":"(anonymous_1)","decl":{"start":{"line":30,"column":24},"end":{"line":30,"column":25}},"loc":{"start":{"line":30,"column":30},"end":{"line":36,"column":3}},"line":30},"2":{"name":"(anonymous_2)","decl":{"start":{"line":38,"column":18},"end":{"line":38,"column":19}},"loc":{"start":{"line":38,"column":24},"end":{"line":40,"column":3}},"line":38},"3":{"name":"(anonymous_3)","decl":{"start":{"line":42,"column":22},"end":{"line":42,"column":23}},"loc":{"start":{"line":42,"column":28},"end":{"line":49,"column":3}},"line":42},"4":{"name":"(anonymous_4)","decl":{"start":{"line":43,"column":33},"end":{"line":43,"column":34}},"loc":{"start":{"line":43,"column":51},"end":{"line":48,"column":5}},"line":43},"5":{"name":"(anonymous_5)","decl":{"start":{"line":56,"column":22},"end":{"line":56,"column":23}},"loc":{"start":{"line":56,"column":32},"end":{"line":56,"column":47}},"line":56},"6":{"name":"(anonymous_6)","decl":{"start":{"line":64,"column":22},"end":{"line":64,"column":23}},"loc":{"start":{"line":64,"column":50},"end":{"line":64,"column":70}},"line":64},"7":{"name":"(anonymous_7)","decl":{"start":{"line":65,"column":24},"end":{"line":65,"column":25}},"loc":{"start":{"line":65,"column":41},"end":{"line":65,"column":51}},"line":65},"8":{"name":"(anonymous_8)","decl":{"start":{"line":66,"column":31},"end":{"line":66,"column":32}},"loc":{"start":{"line":67,"column":12},"end":{"line":67,"column":54}},"line":67}},"branchMap":{"0":{"loc":{"start":{"line":59,"column":7},"end":{"line":70,"column":7}},"type":"binary-expr","locations":[{"start":{"line":59,"column":7},"end":{"line":59,"column":11}},{"start":{"line":60,"column":8},"end":{"line":69,"column":10}}],"line":59},"1":{"loc":{"start":{"line":71,"column":7},"end":{"line":71,"column":33}},"type":"binary-expr","locations":[{"start":{"line":71,"column":7},"end":{"line":71,"column":14}},{"start":{"line":71,"column":18},"end":{"line":71,"column":33}}],"line":71},"2":{"loc":{"start":{"line":72,"column":7},"end":{"line":72,"column":46}},"type":"binary-expr","locations":[{"start":{"line":72,"column":7},"end":{"line":72,"column":12}},{"start":{"line":72,"column":16},"end":{"line":72,"column":46}}],"line":72}},"s":{"0":2,"1":7,"2":7,"3":7,"4":3,"5":7,"6":3,"7":7,"8":4,"9":12,"10":7,"11":0,"12":4,"13":8,"14":12,"15":2},"f":{"0":7,"1":3,"2":3,"3":4,"4":12,"5":0,"6":4,"7":8,"8":12},"b":{"0":[7,4],"1":[7,3],"2":[7,0]},"_coverageSchema":"1a1c01bbd47fc00a2c39e90264f33305004495a9","hash":"8389584ae76acf11d4db2738a8bbe0fada076468"}
,"/home/majid/workspace/tests/StartWarHammer/src/services/apollo.tsx": {"path":"/home/majid/workspace/tests/StartWarHammer/src/services/apollo.tsx","statementMap":{"0":{"start":{"line":5,"column":14},"end":{"line":5,"column":35}},"1":{"start":{"line":8,"column":15},"end":{"line":11,"column":2}}},"fnMap":{},"branchMap":{},"s":{"0":1,"1":1},"f":{},"b":{},"_coverageSchema":"1a1c01bbd47fc00a2c39e90264f33305004495a9","hash":"0752245fc6b2c7d15a3f837220ccbfca513446c7"}
,"/home/majid/workspace/tests/StartWarHammer/src/services/constants.tsx": {"path":"/home/majid/workspace/tests/StartWarHammer/src/services/constants.tsx","statementMap":{"0":{"start":{"line":1,"column":24},"end":{"line":1,"column":93}}},"fnMap":{},"branchMap":{},"s":{"0":1},"f":{},"b":{},"_coverageSchema":"1a1c01bbd47fc00a2c39e90264f33305004495a9","hash":"7b6e3e334f6de966b9e47ff01aa4ee7df56a3e3b"}
,"/home/majid/workspace/tests/StartWarHammer/src/services/translate.tsx": {"path":"/home/majid/workspace/tests/StartWarHammer/src/services/translate.tsx","statementMap":{"0":{"start":{"line":5,"column":16},"end":{"line":5,"column":39}},"1":{"start":{"line":7,"column":0},"end":{"line":9,"column":1}},"2":{"start":{"line":8,"column":2},"end":{"line":8,"column":39}},"3":{"start":{"line":11,"column":0},"end":{"line":11,"column":22}},"4":{"start":{"line":12,"column":0},"end":{"line":12,"column":32}},"5":{"start":{"line":13,"column":0},"end":{"line":15,"column":2}}},"fnMap":{},"branchMap":{"0":{"loc":{"start":{"line":7,"column":0},"end":{"line":9,"column":1}},"type":"if","locations":[{"start":{"line":7,"column":0},"end":{"line":9,"column":1}},{"start":{"line":7,"column":0},"end":{"line":9,"column":1}}],"line":7}},"s":{"0":9,"1":9,"2":9,"3":9,"4":9,"5":9},"f":{},"b":{"0":[9,0]},"_coverageSchema":"1a1c01bbd47fc00a2c39e90264f33305004495a9","hash":"0d53acb64eaaf76da1c25ebb9fa16de0b9b5f5a9"}
}
