{"/home/majid/workspace/tests/StartWarHammer/assets/locales/en.js": {"path":"/home/majid/workspace/tests/StartWarHammer/assets/locales/en.js","statementMap":{},"fnMap":{},"branchMap":{},"s":{},"f":{},"b":{},"_coverageSchema":"1a1c01bbd47fc00a2c39e90264f33305004495a9","hash":"45377d2fb914c4438680b28e0257addf88a079d9"}
,"/home/majid/workspace/tests/StartWarHammer/src/components/Container/index.tsx": {"path":"/home/majid/workspace/tests/StartWarHammer/src/components/Container/index.tsx","statementMap":{"0":{"start":{"line":8,"column":42},"end":{"line":14,"column":1}},"1":{"start":{"line":9,"column":2},"end":{"line":13,"column":4}},"2":{"start":{"line":16,"column":15},"end":{"line":21,"column":2}}},"fnMap":{"0":{"name":"(anonymous_0)","decl":{"start":{"line":8,"column":42},"end":{"line":8,"column":43}},"loc":{"start":{"line":8,"column":79},"end":{"line":14,"column":1}},"line":8}},"branchMap":{},"s":{"0":1,"1":2,"2":1},"f":{"0":2},"b":{},"_coverageSchema":"1a1c01bbd47fc00a2c39e90264f33305004495a9","hash":"e5b26db669daba0c58a85f91b6154a4d3e2e6dd3"}
,"/home/majid/workspace/tests/StartWarHammer/src/components/Item/index.tsx": {"path":"/home/majid/workspace/tests/StartWarHammer/src/components/Item/index.tsx","statementMap":{"0":{"start":{"line":12,"column":37},"end":{"line":39,"column":1}},"1":{"start":{"line":18,"column":21},"end":{"line":18,"column":36}},"2":{"start":{"line":19,"column":19},"end":{"line":25,"column":3}},"3":{"start":{"line":20,"column":4},"end":{"line":24,"column":5}},"4":{"start":{"line":21,"column":6},"end":{"line":21,"column":26}},"5":{"start":{"line":23,"column":6},"end":{"line":23,"column":44}},"6":{"start":{"line":26,"column":2},"end":{"line":38,"column":4}},"7":{"start":{"line":41,"column":15},"end":{"line":67,"column":2}}},"fnMap":{"0":{"name":"(anonymous_0)","decl":{"start":{"line":12,"column":37},"end":{"line":12,"column":38}},"loc":{"start":{"line":17,"column":11},"end":{"line":39,"column":1}},"line":17},"1":{"name":"(anonymous_1)","decl":{"start":{"line":19,"column":19},"end":{"line":19,"column":20}},"loc":{"start":{"line":19,"column":25},"end":{"line":25,"column":3}},"line":19}},"branchMap":{"0":{"loc":{"start":{"line":20,"column":4},"end":{"line":24,"column":5}},"type":"if","locations":[{"start":{"line":20,"column":4},"end":{"line":24,"column":5}},{"start":{"line":20,"column":4},"end":{"line":24,"column":5}}],"line":20},"1":{"loc":{"start":{"line":33,"column":48},"end":{"line":33,"column":73}},"type":"cond-expr","locations":[{"start":{"line":33,"column":59},"end":{"line":33,"column":65}},{"start":{"line":33,"column":68},"end":{"line":33,"column":73}}],"line":33},"2":{"loc":{"start":{"line":34,"column":23},"end":{"line":34,"column":61}},"type":"cond-expr","locations":[{"start":{"line":34,"column":34},"end":{"line":34,"column":46}},{"start":{"line":34,"column":49},"end":{"line":34,"column":61}}],"line":34}},"s":{"0":1,"1":4,"2":4,"3":2,"4":1,"5":1,"6":4,"7":1},"f":{"0":4,"1":2},"b":{"0":[1,1],"1":[1,3],"2":[1,3]},"_coverageSchema":"1a1c01bbd47fc00a2c39e90264f33305004495a9","hash":"9d455418f610f305a9502de42657ba8f88f0f7d5"}
,"/home/majid/workspace/tests/StartWarHammer/src/components/PersonItem/index.tsx": {"path":"/home/majid/workspace/tests/StartWarHammer/src/components/PersonItem/index.tsx","statementMap":{"0":{"start":{"line":9,"column":43},"end":{"line":16,"column":1}},"1":{"start":{"line":10,"column":2},"end":{"line":15,"column":4}},"2":{"start":{"line":18,"column":15},"end":{"line":20,"column":2}}},"fnMap":{"0":{"name":"(anonymous_0)","decl":{"start":{"line":9,"column":43},"end":{"line":9,"column":44}},"loc":{"start":{"line":9,"column":62},"end":{"line":16,"column":1}},"line":9}},"branchMap":{},"s":{"0":1,"1":2,"2":1},"f":{"0":2},"b":{},"_coverageSchema":"1a1c01bbd47fc00a2c39e90264f33305004495a9","hash":"a894af9bc419fd372e73be27fef75b300007a5da"}
,"/home/majid/workspace/tests/StartWarHammer/src/components/PlanetItem/index.tsx": {"path":"/home/majid/workspace/tests/StartWarHammer/src/components/PlanetItem/index.tsx","statementMap":{"0":{"start":{"line":9,"column":43},"end":{"line":16,"column":1}},"1":{"start":{"line":10,"column":2},"end":{"line":15,"column":4}},"2":{"start":{"line":18,"column":15},"end":{"line":20,"column":2}}},"fnMap":{"0":{"name":"(anonymous_0)","decl":{"start":{"line":9,"column":43},"end":{"line":9,"column":44}},"loc":{"start":{"line":9,"column":71},"end":{"line":16,"column":1}},"line":9}},"branchMap":{},"s":{"0":1,"1":2,"2":1},"f":{"0":2},"b":{},"_coverageSchema":"1a1c01bbd47fc00a2c39e90264f33305004495a9","hash":"0be0a7a1e9a633ba4bbca1c274c7a734297f9aad"}
,"/home/majid/workspace/tests/StartWarHammer/src/components/StarshipItem/index.tsx": {"path":"/home/majid/workspace/tests/StartWarHammer/src/components/StarshipItem/index.tsx","statementMap":{"0":{"start":{"line":9,"column":45},"end":{"line":16,"column":1}},"1":{"start":{"line":10,"column":2},"end":{"line":15,"column":4}},"2":{"start":{"line":18,"column":15},"end":{"line":20,"column":2}}},"fnMap":{"0":{"name":"(anonymous_0)","decl":{"start":{"line":9,"column":45},"end":{"line":9,"column":46}},"loc":{"start":{"line":9,"column":75},"end":{"line":16,"column":1}},"line":9}},"branchMap":{},"s":{"0":1,"1":2,"2":1},"f":{"0":2},"b":{},"_coverageSchema":"1a1c01bbd47fc00a2c39e90264f33305004495a9","hash":"e0cf4455fa1511b8787cc8b094b09c6607147563"}
,"/home/majid/workspace/tests/StartWarHammer/src/services/translate.tsx": {"path":"/home/majid/workspace/tests/StartWarHammer/src/services/translate.tsx","statementMap":{"0":{"start":{"line":5,"column":16},"end":{"line":5,"column":39}},"1":{"start":{"line":7,"column":0},"end":{"line":9,"column":1}},"2":{"start":{"line":8,"column":2},"end":{"line":8,"column":39}},"3":{"start":{"line":11,"column":0},"end":{"line":11,"column":22}},"4":{"start":{"line":12,"column":0},"end":{"line":12,"column":32}},"5":{"start":{"line":13,"column":0},"end":{"line":15,"column":2}}},"fnMap":{},"branchMap":{"0":{"loc":{"start":{"line":7,"column":0},"end":{"line":9,"column":1}},"type":"if","locations":[{"start":{"line":7,"column":0},"end":{"line":9,"column":1}},{"start":{"line":7,"column":0},"end":{"line":9,"column":1}}],"line":7}},"s":{"0":1,"1":1,"2":1,"3":1,"4":1,"5":1},"f":{},"b":{"0":[1,0]},"_coverageSchema":"1a1c01bbd47fc00a2c39e90264f33305004495a9","hash":"0d53acb64eaaf76da1c25ebb9fa16de0b9b5f5a9"}
}
