TN:
SF:assets/locales/en.js
FNF:0
FNH:0
LF:0
LH:0
BRF:0
BRH:0
end_of_record
TN:
SF:src/App.tsx
FN:9,(anonymous_0)
FNF:1
FNH:1
FNDA:1,(anonymous_0)
DA:9,1
DA:10,1
LF:2
LH:2
BRF:0
BRH:0
end_of_record
TN:
SF:src/components/index.ts
FNF:0
FNH:0
LF:0
LH:0
BRF:0
BRH:0
end_of_record
TN:
SF:src/components/Container/index.tsx
FN:8,(anonymous_0)
FNF:1
FNH:1
FNDA:17,(anonymous_0)
DA:8,6
DA:9,17
DA:16,6
LF:3
LH:3
BRF:0
BRH:0
end_of_record
TN:
SF:src/components/Item/index.tsx
FN:12,(anonymous_0)
FN:19,(anonymous_1)
FNF:2
FNH:2
FNDA:16,(anonymous_0)
FNDA:2,(anonymous_1)
DA:12,6
DA:18,16
DA:19,16
DA:20,2
DA:21,1
DA:23,1
DA:26,16
DA:41,6
LF:8
LH:8
BRDA:20,0,0,1
BRDA:20,0,1,1
BRDA:33,1,0,9
BRDA:33,1,1,7
BRDA:34,2,0,9
BRDA:34,2,1,7
BRF:6
BRH:6
end_of_record
TN:
SF:src/components/PersonItem/index.tsx
FN:9,(anonymous_0)
FNF:1
FNH:1
FNDA:4,(anonymous_0)
DA:9,6
DA:10,4
DA:18,6
LF:3
LH:3
BRF:0
BRH:0
end_of_record
TN:
SF:src/components/PlanetItem/index.tsx
FN:9,(anonymous_0)
FNF:1
FNH:1
FNDA:2,(anonymous_0)
DA:9,6
DA:10,2
DA:18,6
LF:3
LH:3
BRF:0
BRH:0
end_of_record
TN:
SF:src/components/StarshipItem/index.tsx
FN:9,(anonymous_0)
FNF:1
FNH:1
FNDA:4,(anonymous_0)
DA:9,6
DA:10,4
DA:18,6
LF:3
LH:3
BRF:0
BRH:0
end_of_record
TN:
SF:src/hooks/index.tsx
FN:65,(anonymous_0)
FN:71,(anonymous_1)
FNF:2
FNH:2
FNDA:7,(anonymous_0)
FNDA:8,(anonymous_1)
DA:3,5
DA:20,5
DA:35,5
DA:54,5
DA:65,5
DA:66,7
DA:71,5
DA:76,8
DA:77,4
DA:78,4
DA:79,4
DA:81,0
DA:84,8
LF:13
LH:12
BRDA:65,0,0,0
BRDA:76,1,0,4
BRDA:76,1,1,4
BRDA:78,2,0,4
BRDA:78,2,1,0
BRF:5
BRH:3
end_of_record
TN:
SF:src/navigation/index.tsx
FN:15,MainNavigation
FNF:1
FNH:1
FNDA:1,MainNavigation
DA:13,1
DA:16,1
DA:17,1
LF:3
LH:3
BRF:0
BRH:0
end_of_record
TN:
SF:src/screens/Detail/index.tsx
FN:20,(anonymous_0)
FN:31,(anonymous_1)
FNF:2
FNH:2
FNDA:10,(anonymous_0)
FNDA:4,(anonymous_1)
DA:20,4
DA:21,10
DA:22,8
DA:25,8
DA:31,8
DA:32,4
DA:33,4
DA:34,2
DA:35,2
DA:36,0
DA:37,2
DA:38,2
DA:40,0
DA:42,8
LF:14
LH:12
BRDA:33,0,0,2
BRDA:33,0,1,2
BRDA:35,1,0,0
BRDA:35,1,1,2
BRDA:37,2,0,2
BRDA:37,2,1,0
BRDA:46,3,0,8
BRDA:46,3,1,4
BRDA:47,4,0,8
BRDA:47,4,1,4
BRDA:48,5,0,8
BRDA:48,5,1,0
BRF:12
BRH:9
end_of_record
TN:
SF:src/screens/List/index.tsx
FN:16,(anonymous_0)
FN:31,(anonymous_1)
FN:39,(anonymous_2)
FN:44,(anonymous_3)
FN:45,(anonymous_4)
FN:58,(anonymous_5)
FN:66,(anonymous_6)
FN:67,(anonymous_7)
FN:68,(anonymous_8)
FNF:9
FNH:8
FNDA:7,(anonymous_0)
FNDA:3,(anonymous_1)
FNDA:3,(anonymous_2)
FNDA:4,(anonymous_3)
FNDA:12,(anonymous_4)
FNDA:0,(anonymous_5)
FNDA:4,(anonymous_6)
FNDA:8,(anonymous_7)
FNDA:12,(anonymous_8)
DA:16,2
DA:17,7
DA:28,7
DA:29,7
DA:31,7
DA:32,3
DA:39,7
DA:40,3
DA:41,3
DA:44,7
DA:45,4
DA:46,12
DA:53,7
DA:58,0
DA:66,4
DA:67,8
DA:69,12
DA:79,2
LF:18
LH:17
BRDA:61,0,0,7
BRDA:61,0,1,4
BRDA:73,1,0,7
BRDA:73,1,1,3
BRDA:74,2,0,7
BRDA:74,2,1,0
BRF:6
BRH:5
end_of_record
TN:
SF:src/services/apollo.tsx
FNF:0
FNH:0
DA:5,1
DA:8,1
LF:2
LH:2
BRF:0
BRH:0
end_of_record
TN:
SF:src/services/constants.tsx
FNF:0
FNH:0
DA:1,1
LF:1
LH:1
BRF:0
BRH:0
end_of_record
TN:
SF:src/services/themes.tsx
FNF:0
FNH:0
DA:3,1
LF:1
LH:1
BRF:0
BRH:0
end_of_record
TN:
SF:src/services/translate.tsx
FNF:0
FNH:0
DA:5,6
DA:7,6
DA:8,6
DA:11,6
DA:12,6
DA:13,6
LF:6
LH:6
BRDA:7,0,0,6
BRDA:7,0,1,0
BRF:2
BRH:1
end_of_record
